Handbrake Version: 1.3.1 (2020072600)
[05:42:19] gtkgui: Preset: /General/Fast 1080p30
[05:42:19] Starting work at: Wed Aug 31 05:42:19 2022

[05:42:19] 1 job(s) to process
[05:42:19] json job:
{
    "Audio": {
        "AudioList": [
            {
                "Bitrate": 160,
                "CompressionLevel": -1.0,
                "DRC": 0.0,
                "DitherMethod": "auto",
                "Encoder": "av_aac",
                "Gain": 0.0,
                "Mixdown": "stereo",
                "NormalizeMixLevel": false,
                "PresetEncoder": "av_aac",
                "Quality": -3.0,
                "Samplerate": 0,
                "Track": 0
            }
        ],
        "CopyMask": [
            "copy:aac"
        ],
        "FallbackEncoder": "av_aac"
    },
    "Destination": {
        "AlignAVStart": true,
        "ChapterList": [
            {
                "Duration": {
                    "Hours": 0,
                    "Minutes": 0,
                    "Seconds": 30,
                    "Ticks": 2755199
                },
                "Name": ""
            }
        ],
        "ChapterMarkers": false,
        "File": "/home/dominik/Videos/file_example_AVI_1920_2_3MG.m4v",
        "InlineParameterSets": false,
        "Mp4Options": {
            "IpodAtom": false,
            "Mp4Optimize": false
        },
        "Mux": "m4v"
    },
    "Filters": {
        "FilterList": [
            {
                "ID": 3,
                "Settings": {
                    "block-height": "16",
                    "block-thresh": "40",
                    "block-width": "16",
                    "filter-mode": "2",
                    "mode": "3",
                    "motion-thresh": "1",
                    "spatial-metric": "2",
                    "spatial-thresh": "1"
                }
            },
            {
                "ID": 4,
                "Settings": {
                    "mode": "7"
                }
            },
            {
                "ID": 6,
                "Settings": {
                    "mode": 2,
                    "rate": "27000000/900000"
                }
            },
            {
                "ID": 12,
                "Settings": {
                    "crop-bottom": 0,
                    "crop-left": 0,
                    "crop-right": 0,
                    "crop-top": 0,
                    "height": 1080,
                    "width": 1920
                }
            }
        ]
    },
    "Metadata": {
        "Name": "file_example_AVI_1920_2_3MG"
    },
    "PAR": {
        "Den": 1,
        "Num": 1
    },
    "SequenceID": 0,
    "Source": {
        "Angle": 0,
        "Path": "/home/dominik/Downloads/file_example_AVI_1920_2_3MG.avi",
        "Range": {
            "End": 1,
            "Start": 1,
            "Type": "chapter"
        },
        "Title": 1
    },
    "Subtitle": {
        "Search": {
            "Burn": true,
            "Default": false,
            "Enable": false,
            "Forced": false
        },
        "SubtitleList": []
    },
    "Video": {
        "ColorFormat": 0,
        "ColorMatrix": 1,
        "ColorPrimaries": 1,
        "ColorRange": 0,
        "ColorTransfer": 1,
        "Encoder": "x264",
        "Level": "4.0",
        "Options": "",
        "Preset": "fast",
        "Profile": "main",
        "QSV": {
            "AsyncDepth": 4,
            "Decode": false
        },
        "Quality": 22.0,
        "Tune": "",
        "Turbo": false,
        "TwoPass": false
    }
}
[05:42:19] CPU: 11th Gen Intel(R) Core(TM) i7-1165G7 @ 2.80GHz
[05:42:19]  - logical processor count: 8
[05:42:19] hb_scan: path=/home/dominik/Downloads/file_example_AVI_1920_2_3MG.avi, title_index=1
udfread ERROR: ECMA 167 Volume Recognition failed
disc.c:323: failed opening UDF image /home/dominik/Downloads/file_example_AVI_1920_2_3MG.avi
disc.c:424: error opening file BDMV/index.bdmv
disc.c:424: error opening file BDMV/BACKUP/index.bdmv
bluray.c:2602: nav_get_title_list(/home/dominik/Downloads/file_example_AVI_1920_2_3MG.avi/) failed
[05:42:19] bd: not a bd - trying as a stream/file instead
libdvdread: DVDOpenFileUDF:UDFFindFile /VIDEO_TS/VIDEO_TS.IFO failed
libdvdnav: vm: vm: failed to read VIDEO_TS.IFO
[05:42:19] dvd: not a dvd - trying as a stream/file instead
Input #0, avi, from '/home/dominik/Downloads/file_example_AVI_1920_2_3MG.avi':
  Metadata:
    encoder         : Lavf57.19.100
  Duration: 00:00:30.61, start: 0.000000, bitrate: 595 kb/s
    Stream #0:0: Video: h264 (High) (H264 / 0x34363248), yuv420p(progressive), 1920x1080 [SAR 1:1 DAR 16:9], 447 kb/s, 30 fps, 30 tbr, 30 tbn, 60 tbc
    Stream #0:1: Audio: aac (LC) ([255][0][0][0] / 0x00FF), 48000 Hz, stereo, fltp, 139 kb/s
[05:42:19] scan: decoding previews for title 1
[05:42:19] scan: audio 0x1: aac, rate=48000Hz, bitrate=139500 Unknown (AAC LC) (2.0 ch) (139 kbps)
[05:42:20] scan: 10 previews, 1920x1080, 30,000 fps, autocrop = 0/0/0/0, aspect 16:9, PAR 1:1
[05:42:20] libhb: scan thread found 1 valid title(s)
[05:42:20] Starting Task: Encoding Pass
[05:42:20] Skipping crop/scale filter
[05:42:20] job configuration:
[05:42:20]  * source
[05:42:20]    + /home/dominik/Downloads/file_example_AVI_1920_2_3MG.avi
[05:42:20]    + title 1, chapter(s) 1 to 1
[05:42:20]    + container: avi
[05:42:20]    + data rate: 595 kbps
[05:42:20]  * destination
[05:42:20]    + /home/dominik/Videos/file_example_AVI_1920_2_3MG.m4v
[05:42:20]    + container: MPEG-4 (libavformat)
[05:42:20]      + align initial A/V stream timestamps
[05:42:20]  * video track
[05:42:20]    + decoder: h264
[05:42:20]      + bitrate 447 kbps
[05:42:20]    + filters
[05:42:20]      + Comb Detect (mode=3:spatial-metric=2:motion-thresh=1:spatial-thresh=1:filter-mode=2:block-thresh=40:block-width=16:block-height=16)
[05:42:20]      + Decomb (mode=39)
[05:42:20]      + Framerate Shaper (mode=2:rate=27000000/900000)
[05:42:20]        + frame rate: 30,000 fps -> peak rate limited to 30,000 fps
[05:42:20]    + Output geometry
[05:42:20]      + storage dimensions: 1920 x 1080
[05:42:20]      + pixel aspect ratio: 1 : 1
[05:42:20]      + display dimensions: 1920 x 1080
[05:42:20]    + encoder: H.264 (libx264)
[05:42:20]      + preset:  fast
[05:42:20]      + profile: main
[05:42:20]      + level:   4.0
[05:42:20]      + quality: 22,00 (RF)
[05:42:20]      + color profile: 1-1-1
[05:42:20]  * audio track 1
[05:42:20]    + decoder: Unknown (AAC LC) (2.0 ch) (139 kbps) (track 1, id 0x1)
[05:42:20]      + bitrate: 139 kbps, samplerate: 48000 Hz
[05:42:20]    + mixdown: Stereo
[05:42:20]    + dither: triangular
[05:42:20]    + encoder: AAC (libavcodec)
[05:42:20]      + bitrate: 160 kbps, samplerate: 48000 Hz
[05:42:20] sync: expecting 918 video frames
[05:42:20] encx264: min-keyint: 30, keyint: 300
[05:42:20] encx264: encoding at constant RF 22,000000
[05:42:20] encx264: unparsed options: level=4.0:ref=2:8x8dct=0:weightp=1:subme=6:vbv-bufsize=25000:vbv-maxrate=20000:rc-lookahead=30
x264 [info]: using SAR=1/1
x264 [info]: using cpu capabilities: MMX2 SSE2Fast SSSE3 SSE4.2 AVX FMA3 BMI2 AVX2 AVX512
x264 [info]: profile Main, level 4.0, 4:2:0, 8-bit
[05:42:20] sync: first pts video is 0
[05:42:20] sync: Chapter 1 at frame 1 time 0
[05:42:20] sync: first pts audio 0x1 is 0
[05:44:02] reader: done. 1 scr changes
[05:44:11] work: average encoding speed for job is 8,237042 fps
[05:44:11] comb detect: heavy 0 | light 0 | uncombed 900 | total 900
[05:44:11] decomb: deinterlaced 0 | blended 0 | unfiltered 900 | total 900
[05:44:11] vfr: 900 frames output, 0 dropped and 0 duped for CFR/PFR
[05:44:11] vfr: lost time: 0 (0 frames)
[05:44:11] vfr: gained time: 0 (0 frames) (0 not accounted for)
[05:44:11] aac-decoder done: 1433 frames, 0 decoder errors
[05:44:11] h264-decoder done: 901 frames, 0 decoder errors
[05:44:11] sync: got 900 frames, 918 expected
[05:44:11] sync: framerate min 30,000 fps, max 30,000 fps, avg 30,000 fps
x264 [info]: frame I:3     Avg QP:10,32  size: 44779
x264 [info]: frame P:253   Avg QP:19,37  size:  7394
x264 [info]: frame B:644   Avg QP:20,74  size:  1604
x264 [info]: consecutive B-frames:  0,4% 12,2%  0,7% 86,7%
x264 [info]: mb I  I16..4: 75,3%  0,0% 24,7%
x264 [info]: mb P  I16..4:  0,8%  0,0%  0,2%  P16..4: 14,6%  4,8%  2,1%  0,0%  0,0%    skip:77,5%
x264 [info]: mb B  I16..4:  0,3%  0,0%  0,0%  B16..8:  7,2%  0,9%  0,0%  direct: 1,2%  skip:90,3%  L0:51,9% L1:44,4% BI: 3,7%
x264 [info]: coded y,uvDC,uvAC intra: 14,8% 38,0% 6,8% inter: 1,3% 3,2% 0,0%
x264 [info]: i16 v,h,dc,p: 60% 17% 16%  7%
x264 [info]: i4 v,h,dc,ddl,ddr,vr,hd,vl,hu: 29% 18% 18%  6%  8%  6%  6%  5%  4%
x264 [info]: i8c dc,h,v,p: 70% 14% 13%  3%
x264 [info]: Weighted P-Frames: Y:0,0% UV:0,0%
x264 [info]: ref P L0: 63,0% 37,0%
x264 [info]: ref B L0: 62,3% 37,7%
x264 [info]: ref B L1: 98,6%  1,4%
x264 [info]: kb/s:810,08
[05:44:11] mux: track 0, 900 frames, 3037688 bytes, 794,17 kbps, fifo 1024
[05:44:11] mux: track 1, 1434 frames, 8706 bytes, 2,28 kbps, fifo 2048
[05:44:11] Finished work at: Wed Aug 31 05:44:11 2022

[05:44:11] libhb: work result = 0
