Handbrake Version: 1.3.1 (2020072600)
[05:46:09] gtkgui: Preset: /General/Fast 1080p30
[05:46:09] Starting work at: Wed Aug 31 05:46:09 2022

[05:46:09] 1 job(s) to process
[05:46:09] json job:
{
    "Audio": {
        "AudioList": [
            {
                "Bitrate": 160,
                "CompressionLevel": -1.0,
                "DRC": 0.0,
                "DitherMethod": "auto",
                "Encoder": "av_aac",
                "Gain": 0.0,
                "Mixdown": "stereo",
                "NormalizeMixLevel": false,
                "PresetEncoder": "av_aac",
                "Quality": -3.0,
                "Samplerate": 0,
                "Track": 0
            }
        ],
        "CopyMask": [
            "copy:aac"
        ],
        "FallbackEncoder": "av_aac"
    },
    "Destination": {
        "AlignAVStart": true,
        "ChapterList": [
            {
                "Duration": {
                    "Hours": 0,
                    "Minutes": 0,
                    "Seconds": 30,
                    "Ticks": 2753280
                },
                "Name": ""
            }
        ],
        "ChapterMarkers": false,
        "File": "/home/dominik/Videos/file_example_AVI_1920_2_3MG (1).m4v",
        "InlineParameterSets": false,
        "Mp4Options": {
            "IpodAtom": false,
            "Mp4Optimize": false
        },
        "Mux": "m4v"
    },
    "Filters": {
        "FilterList": [
            {
                "ID": 3,
                "Settings": {
                    "block-height": "16",
                    "block-thresh": "40",
                    "block-width": "16",
                    "filter-mode": "2",
                    "mode": "3",
                    "motion-thresh": "1",
                    "spatial-metric": "2",
                    "spatial-thresh": "1"
                }
            },
            {
                "ID": 4,
                "Settings": {
                    "mode": "7"
                }
            },
            {
                "ID": 6,
                "Settings": {
                    "mode": 2,
                    "rate": "27000000/900000"
                }
            },
            {
                "ID": 12,
                "Settings": {
                    "crop-bottom": 0,
                    "crop-left": 0,
                    "crop-right": 0,
                    "crop-top": 0,
                    "height": 1080,
                    "width": 1920
                }
            }
        ]
    },
    "Metadata": {
        "Name": "file_example_AVI_1920_2_3MG"
    },
    "PAR": {
        "Den": 1,
        "Num": 1
    },
    "SequenceID": 0,
    "Source": {
        "Angle": 0,
        "Path": "/home/dominik/Videos/file_example_AVI_1920_2_3MG.m4v",
        "Range": {
            "End": 1,
            "Start": 1,
            "Type": "chapter"
        },
        "Title": 1
    },
    "Subtitle": {
        "Search": {
            "Burn": true,
            "Default": false,
            "Enable": false,
            "Forced": false
        },
        "SubtitleList": []
    },
    "Video": {
        "ColorFormat": 0,
        "ColorMatrix": 1,
        "ColorPrimaries": 1,
        "ColorRange": 1,
        "ColorTransfer": 1,
        "Encoder": "x264",
        "Level": "4.0",
        "Options": "",
        "Preset": "fast",
        "Profile": "main",
        "QSV": {
            "AsyncDepth": 4,
            "Decode": false
        },
        "Quality": 22.0,
        "Tune": "",
        "Turbo": false,
        "TwoPass": false
    }
}
[05:46:09] CPU: 11th Gen Intel(R) Core(TM) i7-1165G7 @ 2.80GHz
[05:46:09]  - logical processor count: 8
[05:46:09] hb_scan: path=/home/dominik/Videos/file_example_AVI_1920_2_3MG.m4v, title_index=1
udfread ERROR: ECMA 167 Volume Recognition failed
disc.c:323: failed opening UDF image /home/dominik/Videos/file_example_AVI_1920_2_3MG.m4v
disc.c:424: error opening file BDMV/index.bdmv
disc.c:424: error opening file BDMV/BACKUP/index.bdmv
bluray.c:2602: nav_get_title_list(/home/dominik/Videos/file_example_AVI_1920_2_3MG.m4v/) failed
[05:46:09] bd: not a bd - trying as a stream/file instead
libdvdread: DVDOpenFileUDF:UDFFindFile /VIDEO_TS/VIDEO_TS.IFO failed
libdvdnav: vm: vm: failed to read VIDEO_TS.IFO
[05:46:09] dvd: not a dvd - trying as a stream/file instead
Input #0, mov,mp4,m4a,3gp,3g2,mj2, from '/home/dominik/Videos/file_example_AVI_1920_2_3MG.m4v':
  Metadata:
    major_brand     : mp42
    minor_version   : 512
    compatible_brands: mp42iso2avc1mp41
    creation_time   : 2022-08-31T03:42:20.000000Z
    title           : file_example_AVI_1920_2_3MG
    encoder         : HandBrake 1.3.1 2020072600
  Duration: 00:00:30.59, start: 0.000000, bitrate: 805 kb/s
    Stream #0:0(und): Video: h264 (Main) (avc1 / 0x31637661), yuv420p(tv, bt709), 1920x1080 [SAR 1:1 DAR 16:9], 810 kb/s, 30 fps, 30 tbr, 90k tbn, 180k tbc (default)
    Metadata:
      creation_time   : 2022-08-31T03:42:20.000000Z
      handler_name    : VideoHandler
    Stream #0:1(und): Audio: aac (LC) (mp4a / 0x6134706D), 48000 Hz, stereo, fltp, 2 kb/s (default)
    Metadata:
      creation_time   : 2022-08-31T03:42:20.000000Z
      handler_name    : Stereo
[05:46:09] scan: decoding previews for title 1
[05:46:09] scan: audio 0x1: aac, rate=48000Hz, bitrate=2276 Unknown (AAC LC) (2.0 ch) (2 kbps)
[05:46:10] scan: 10 previews, 1920x1080, 30,000 fps, autocrop = 0/0/0/0, aspect 16:9, PAR 1:1
[05:46:10] libhb: scan thread found 1 valid title(s)
[05:46:10] Starting Task: Encoding Pass
[05:46:10] Skipping crop/scale filter
[05:46:10] job configuration:
[05:46:10]  * source
[05:46:10]    + /home/dominik/Videos/file_example_AVI_1920_2_3MG.m4v
[05:46:10]    + title 1, chapter(s) 1 to 1
[05:46:10]    + container: mov,mp4,m4a,3gp,3g2,mj2
[05:46:10]    + data rate: 805 kbps
[05:46:10]  * destination
[05:46:10]    + /home/dominik/Videos/file_example_AVI_1920_2_3MG (1).m4v
[05:46:10]    + container: MPEG-4 (libavformat)
[05:46:10]      + align initial A/V stream timestamps
[05:46:10]  * video track
[05:46:10]    + decoder: h264
[05:46:10]      + bitrate 810 kbps
[05:46:10]    + filters
[05:46:10]      + Comb Detect (mode=3:spatial-metric=2:motion-thresh=1:spatial-thresh=1:filter-mode=2:block-thresh=40:block-width=16:block-height=16)
[05:46:10]      + Decomb (mode=39)
[05:46:10]      + Framerate Shaper (mode=2:rate=27000000/900000)
[05:46:10]        + frame rate: 30,000 fps -> peak rate limited to 30,000 fps
[05:46:10]    + Output geometry
[05:46:10]      + storage dimensions: 1920 x 1080
[05:46:10]      + pixel aspect ratio: 1 : 1
[05:46:10]      + display dimensions: 1920 x 1080
[05:46:10]    + encoder: H.264 (libx264)
[05:46:10]      + preset:  fast
[05:46:10]      + profile: main
[05:46:10]      + level:   4.0
[05:46:10]      + quality: 22,00 (RF)
[05:46:10]      + color profile: 1-1-1
[05:46:10]  * audio track 1
[05:46:10]    + decoder: Unknown (AAC LC) (2.0 ch) (2 kbps) (track 1, id 0x1)
[05:46:10]      + bitrate: 2 kbps, samplerate: 48000 Hz
[05:46:10]    + mixdown: Stereo
[05:46:10]    + dither: triangular
[05:46:10]    + encoder: AAC (libavcodec)
[05:46:10]      + bitrate: 160 kbps, samplerate: 48000 Hz
[05:46:10] sync: expecting 917 video frames
[05:46:10] encx264: min-keyint: 30, keyint: 300
[05:46:10] encx264: encoding at constant RF 22,000000
[05:46:10] encx264: unparsed options: level=4.0:ref=2:8x8dct=0:weightp=1:subme=6:vbv-bufsize=25000:vbv-maxrate=20000:rc-lookahead=30
x264 [info]: using SAR=1/1
x264 [info]: using cpu capabilities: MMX2 SSE2Fast SSSE3 SSE4.2 AVX FMA3 BMI2 AVX2 AVX512
x264 [info]: profile Main, level 4.0, 4:2:0, 8-bit
[05:46:11] sync: first pts video is 0
[05:46:11] sync: Chapter 1 at frame 1 time 0
[05:46:11] sync: first pts audio 0x1 is 0
[05:47:21] reader: done. 1 scr changes
[05:47:31] work: average encoding speed for job is 11,872669 fps
[05:47:32] comb detect: heavy 0 | light 0 | uncombed 900 | total 900
[05:47:32] decomb: deinterlaced 0 | blended 0 | unfiltered 900 | total 900
[05:47:32] vfr: 900 frames output, 0 dropped and 0 duped for CFR/PFR
[05:47:32] vfr: lost time: 0 (0 frames)
[05:47:32] vfr: gained time: 0 (0 frames) (0 not accounted for)
[05:47:32] aac-decoder done: 1433 frames, 0 decoder errors
[05:47:32] h264-decoder done: 900 frames, 0 decoder errors
[05:47:32] sync: got 900 frames, 917 expected
[05:47:32] sync: framerate min 30,000 fps, max 30,000 fps, avg 30,000 fps
x264 [info]: frame I:3     Avg QP:10,58  size: 42674
x264 [info]: frame P:319   Avg QP:19,21  size:  6221
x264 [info]: frame B:578   Avg QP:20,73  size:  1406
x264 [info]: consecutive B-frames:  0,4% 41,6%  0,7% 57,3%
x264 [info]: mb I  I16..4: 75,6%  0,0% 24,4%
x264 [info]: mb P  I16..4:  0,9%  0,0%  0,1%  P16..4: 15,5%  3,8%  1,6%  0,0%  0,0%    skip:78,0%
x264 [info]: mb B  I16..4:  0,2%  0,0%  0,0%  B16..8:  6,4%  0,7%  0,0%  direct: 1,4%  skip:91,3%  L0:46,5% L1:49,6% BI: 3,9%
x264 [info]: coded y,uvDC,uvAC intra: 12,5% 41,1% 6,9% inter: 1,1% 4,1% 0,0%
x264 [info]: i16 v,h,dc,p: 59% 18% 16%  7%
x264 [info]: i4 v,h,dc,ddl,ddr,vr,hd,vl,hu: 32% 20% 18%  5%  7%  5%  5%  4%  3%
x264 [info]: i8c dc,h,v,p: 70% 14% 13%  3%
x264 [info]: Weighted P-Frames: Y:0,0% UV:0,0%
x264 [info]: ref P L0: 67,8% 32,2%
x264 [info]: ref B L0: 79,5% 20,5%
x264 [info]: ref B L1: 99,0%  1,0%
x264 [info]: kb/s:780,02
[05:47:32] mux: track 0, 900 frames, 2924932 bytes, 764,69 kbps, fifo 1024
[05:47:32] mux: track 1, 1434 frames, 8706 bytes, 2,28 kbps, fifo 2048
[05:47:32] Finished work at: Wed Aug 31 05:47:32 2022

[05:47:32] libhb: work result = 0
