--------------------------------------------------------------------------------
[23. Sept. 2022, 10:23:23,4 PM:ERROR:publisher.cc(911)] Failed to retrieve panel publisher info
[23. Sept. 2022, 10:23:58,8 PM:ERROR:publisher.cc(775)] Publisher info not found
[23. Sept. 2022, 10:23:58,8 PM:ERROR:publisher.cc(775)] Publisher info not found
--------------------------------------------------------------------------------
[23. Sept. 2022, 10:54:31,4 PM:ERROR:publisher.cc(911)] Failed to retrieve panel publisher info
[23. Sept. 2022, 10:54:32,4 PM:ERROR:publisher.cc(911)] Failed to retrieve panel publisher info
[23. Sept. 2022, 10:54:39,0 PM:ERROR:publisher.cc(911)] Failed to retrieve panel publisher info
[23. Sept. 2022, 10:54:39,8 PM:ERROR:refill_unblinded_tokens.cc(200)] Failed to get signed tokens
--------------------------------------------------------------------------------
[24. Sept. 2022, 1:20:52,2 AM:ERROR:refill_unblinded_tokens.cc(200)] Failed to get signed tokens
[24. Sept. 2022, 1:21:48,6 AM:ERROR:publisher.cc(775)] Publisher info not found
[24. Sept. 2022, 1:21:55,3 AM:ERROR:publisher.cc(775)] Publisher info not found
[24. Sept. 2022, 1:21:55,3 AM:ERROR:publisher.cc(775)] Publisher info not found
[24. Sept. 2022, 1:21:58,0 AM:ERROR:publisher.cc(775)] Publisher info not found
[24. Sept. 2022, 1:34:08,4 AM:ERROR:publisher.cc(775)] Publisher info not found
[24. Sept. 2022, 1:34:08,4 AM:ERROR:publisher.cc(775)] Publisher info not found
[24. Sept. 2022, 1:37:07,0 AM:ERROR:publisher.cc(775)] Publisher info not found
[24. Sept. 2022, 1:37:07,0 AM:ERROR:publisher.cc(775)] Publisher info not found
[24. Sept. 2022, 1:38:22,2 AM:ERROR:publisher.cc(775)] Publisher info not found
[24. Sept. 2022, 1:38:22,2 AM:ERROR:publisher.cc(775)] Publisher info not found
[24. Sept. 2022, 1:41:31,3 AM:ERROR:publisher.cc(775)] Publisher info not found
[24. Sept. 2022, 1:41:31,3 AM:ERROR:publisher.cc(775)] Publisher info not found
[24. Sept. 2022, 2:00:40,7 AM:ERROR:publisher.cc(775)] Publisher info not found
[24. Sept. 2022, 2:00:40,7 AM:ERROR:publisher.cc(775)] Publisher info not found
[24. Sept. 2022, 2:07:00,8 AM:ERROR:publisher.cc(775)] Publisher info not found
[24. Sept. 2022, 2:07:00,8 AM:ERROR:publisher.cc(775)] Publisher info not found
[24. Sept. 2022, 2:07:18,4 AM:ERROR:publisher.cc(775)] Publisher info not found
[24. Sept. 2022, 2:07:18,4 AM:ERROR:publisher.cc(775)] Publisher info not found
[24. Sept. 2022, 2:07:50,6 AM:ERROR:publisher.cc(775)] Publisher info not found
[24. Sept. 2022, 2:07:50,6 AM:ERROR:publisher.cc(775)] Publisher info not found
[24. Sept. 2022, 2:08:45,1 AM:ERROR:publisher.cc(775)] Publisher info not found
[24. Sept. 2022, 2:08:45,1 AM:ERROR:publisher.cc(775)] Publisher info not found
[24. Sept. 2022, 2:11:45,0 AM:ERROR:publisher.cc(775)] Publisher info not found
--------------------------------------------------------------------------------
[26. Sept. 2022, 12:11:02,1 AM:ERROR:publisher.cc(775)] Publisher info not found
[26. Sept. 2022, 12:11:02,1 AM:ERROR:publisher.cc(775)] Publisher info not found
--------------------------------------------------------------------------------
[02. Okt. 2022, 8:52:07,8 PM:ERROR:publisher.cc(775)] Publisher info not found
[02. Okt. 2022, 8:52:07,8 PM:ERROR:publisher.cc(775)] Publisher info not found
[02. Okt. 2022, 9:06:11,1 PM:ERROR:publisher.cc(775)] Publisher info not found
[02. Okt. 2022, 9:06:11,1 PM:ERROR:publisher.cc(775)] Publisher info not found
[02. Okt. 2022, 9:06:28,2 PM:ERROR:publisher.cc(775)] Publisher info not found
[02. Okt. 2022, 9:06:28,2 PM:ERROR:publisher.cc(775)] Publisher info not found
[02. Okt. 2022, 9:08:01,0 PM:ERROR:publisher.cc(775)] Publisher info not found
[02. Okt. 2022, 9:08:08,2 PM:ERROR:publisher.cc(775)] Publisher info not found
[02. Okt. 2022, 9:50:23,2 PM:ERROR:publisher.cc(775)] Publisher info not found
[02. Okt. 2022, 9:50:24,4 PM:ERROR:publisher.cc(775)] Publisher info not found
[02. Okt. 2022, 10:01:18,7 PM:ERROR:publisher.cc(775)] Publisher info not found
[02. Okt. 2022, 10:01:18,7 PM:ERROR:publisher.cc(775)] Publisher info not found
[03. Okt. 2022, 12:23:29,5 AM:ERROR:publisher.cc(775)] Publisher info not found
[03. Okt. 2022, 12:23:54,8 AM:ERROR:publisher.cc(775)] Publisher info not found
[03. Okt. 2022, 12:25:15,0 AM:ERROR:publisher.cc(775)] Publisher info not found
[03. Okt. 2022, 12:25:34,1 AM:ERROR:publisher.cc(775)] Publisher info not found
[03. Okt. 2022, 12:25:41,1 AM:ERROR:publisher.cc(775)] Publisher info not found
[03. Okt. 2022, 12:25:53,5 AM:ERROR:publisher.cc(775)] Publisher info not found
[03. Okt. 2022, 12:38:42,3 AM:ERROR:publisher.cc(775)] Publisher info not found
[03. Okt. 2022, 12:38:42,3 AM:ERROR:publisher.cc(775)] Publisher info not found
[03. Okt. 2022, 12:40:07,4 AM:ERROR:publisher.cc(775)] Publisher info not found
[03. Okt. 2022, 12:40:07,5 AM:ERROR:publisher.cc(775)] Publisher info not found
[03. Okt. 2022, 12:41:17,6 AM:ERROR:publisher.cc(775)] Publisher info not found
[03. Okt. 2022, 12:41:17,6 AM:ERROR:publisher.cc(775)] Publisher info not found
[03. Okt. 2022, 12:42:38,5 AM:ERROR:publisher.cc(775)] Publisher info not found
[03. Okt. 2022, 12:42:38,5 AM:ERROR:publisher.cc(775)] Publisher info not found
--------------------------------------------------------------------------------
[03. Okt. 2022, 1:04:24,1 AM:ERROR:publisher.cc(775)] Publisher info not found
[03. Okt. 2022, 1:04:24,1 AM:ERROR:publisher.cc(775)] Publisher info not found
[03. Okt. 2022, 1:05:24,3 AM:ERROR:publisher.cc(775)] Publisher info not found
[03. Okt. 2022, 1:05:24,3 AM:ERROR:publisher.cc(775)] Publisher info not found
[03. Okt. 2022, 1:06:29,8 AM:ERROR:publisher.cc(775)] Publisher info not found
[03. Okt. 2022, 1:06:29,8 AM:ERROR:publisher.cc(775)] Publisher info not found
--------------------------------------------------------------------------------
[09. Okt. 2022, 4:45:23,3 AM:ERROR:publisher.cc(775)] Publisher info not found
[09. Okt. 2022, 4:45:23,3 AM:ERROR:publisher.cc(775)] Publisher info not found
[09. Okt. 2022, 5:03:36,2 AM:ERROR:publisher.cc(775)] Publisher info not found
[09. Okt. 2022, 5:03:36,2 AM:ERROR:publisher.cc(775)] Publisher info not found
[09. Okt. 2022, 5:16:01,3 AM:ERROR:publisher.cc(775)] Publisher info not found
[09. Okt. 2022, 5:16:01,3 AM:ERROR:publisher.cc(775)] Publisher info not found
[09. Okt. 2022, 5:28:21,8 AM:ERROR:publisher.cc(775)] Publisher info not found
[09. Okt. 2022, 5:28:21,8 AM:ERROR:publisher.cc(775)] Publisher info not found
[09. Okt. 2022, 5:30:00,8 AM:ERROR:publisher.cc(775)] Publisher info not found
[09. Okt. 2022, 5:39:33,4 AM:ERROR:publisher.cc(775)] Publisher info not found
[09. Okt. 2022, 5:39:33,4 AM:ERROR:publisher.cc(775)] Publisher info not found
[09. Okt. 2022, 6:03:06,7 AM:ERROR:publisher.cc(775)] Publisher info not found
[09. Okt. 2022, 6:03:06,7 AM:ERROR:publisher.cc(775)] Publisher info not found
[09. Okt. 2022, 6:12:42,2 AM:ERROR:publisher.cc(775)] Publisher info not found
[09. Okt. 2022, 6:12:42,2 AM:ERROR:publisher.cc(775)] Publisher info not found
[09. Okt. 2022, 6:35:48,8 AM:ERROR:publisher.cc(775)] Publisher info not found
[09. Okt. 2022, 6:35:48,8 AM:ERROR:publisher.cc(775)] Publisher info not found
[09. Okt. 2022, 6:51:16,8 AM:ERROR:publisher.cc(775)] Publisher info not found
[09. Okt. 2022, 6:51:16,8 AM:ERROR:publisher.cc(775)] Publisher info not found
[09. Okt. 2022, 6:58:19,5 AM:ERROR:publisher.cc(775)] Publisher info not found
[09. Okt. 2022, 6:58:19,5 AM:ERROR:publisher.cc(775)] Publisher info not found
[09. Okt. 2022, 6:59:00,0 AM:ERROR:publisher.cc(775)] Publisher info not found
[09. Okt. 2022, 6:59:00,0 AM:ERROR:publisher.cc(775)] Publisher info not found
[09. Okt. 2022, 7:14:42,9 AM:ERROR:publisher.cc(775)] Publisher info not found
[09. Okt. 2022, 7:14:43,0 AM:ERROR:publisher.cc(775)] Publisher info not found
[09. Okt. 2022, 7:20:41,8 AM:ERROR:publisher.cc(775)] Publisher info not found
[09. Okt. 2022, 7:20:41,8 AM:ERROR:publisher.cc(775)] Publisher info not found
[09. Okt. 2022, 12:51:18,6 PM:ERROR:refill_unblinded_tokens.cc(200)] Failed to get signed tokens
--------------------------------------------------------------------------------
[16. Okt. 2022, 1:53:59,4 AM:ERROR:ad_events_database_table.cc(285)] Failed to get ad events
--------------------------------------------------------------------------------
[22. Apr. 2023, 4:20:32,7 AM:ERROR:unblinded_token_value_util.cc(92)] Missing unblinded token signature
[22. Apr. 2023, 4:20:32,7 AM:ERROR:unblinded_token_value_util.cc(92)] Missing unblinded token signature
[22. Apr. 2023, 4:20:32,7 AM:ERROR:unblinded_token_value_util.cc(92)] Missing unblinded token signature
[22. Apr. 2023, 4:20:32,7 AM:ERROR:unblinded_token_value_util.cc(92)] Missing unblinded token signature
[22. Apr. 2023, 4:20:32,7 AM:ERROR:unblinded_token_value_util.cc(92)] Missing unblinded token signature
[22. Apr. 2023, 4:20:32,7 AM:ERROR:unblinded_token_value_util.cc(92)] Missing unblinded token signature
[22. Apr. 2023, 4:20:32,7 AM:ERROR:unblinded_token_value_util.cc(92)] Missing unblinded token signature
[22. Apr. 2023, 4:20:32,7 AM:ERROR:unblinded_token_value_util.cc(92)] Missing unblinded token signature
[22. Apr. 2023, 4:20:32,8 AM:ERROR:unblinded_token_value_util.cc(92)] Missing unblinded token signature
[22. Apr. 2023, 4:20:32,8 AM:ERROR:unblinded_token_value_util.cc(92)] Missing unblinded token signature
[22. Apr. 2023, 4:20:32,8 AM:ERROR:unblinded_token_value_util.cc(92)] Missing unblinded token signature
[22. Apr. 2023, 4:20:32,8 AM:ERROR:unblinded_token_value_util.cc(92)] Missing unblinded token signature
[22. Apr. 2023, 4:20:32,8 AM:ERROR:unblinded_token_value_util.cc(92)] Missing unblinded token signature
[22. Apr. 2023, 4:20:32,8 AM:ERROR:unblinded_token_value_util.cc(92)] Missing unblinded token signature
[22. Apr. 2023, 4:20:32,8 AM:ERROR:unblinded_token_value_util.cc(92)] Missing unblinded token signature
[22. Apr. 2023, 4:20:32,8 AM:ERROR:unblinded_token_value_util.cc(92)] Missing unblinded token signature
[22. Apr. 2023, 4:20:32,8 AM:ERROR:unblinded_token_value_util.cc(92)] Missing unblinded token signature
[22. Apr. 2023, 4:20:32,8 AM:ERROR:unblinded_token_value_util.cc(92)] Missing unblinded token signature
[22. Apr. 2023, 4:20:32,8 AM:ERROR:unblinded_token_value_util.cc(92)] Missing unblinded token signature
[22. Apr. 2023, 4:20:32,8 AM:ERROR:unblinded_token_value_util.cc(92)] Missing unblinded token signature
[22. Apr. 2023, 4:20:32,8 AM:ERROR:unblinded_token_value_util.cc(92)] Missing unblinded token signature
[22. Apr. 2023, 4:20:32,8 AM:ERROR:unblinded_token_value_util.cc(92)] Missing unblinded token signature
[22. Apr. 2023, 4:20:32,8 AM:ERROR:unblinded_token_value_util.cc(92)] Missing unblinded token signature
[22. Apr. 2023, 4:20:32,8 AM:ERROR:unblinded_token_value_util.cc(92)] Missing unblinded token signature
[22. Apr. 2023, 4:20:32,8 AM:ERROR:unblinded_token_value_util.cc(92)] Missing unblinded token signature
--------------------------------------------------------------------------------
[22. Apr. 2023, 4:36:15,0 AM:ERROR:unblinded_token_value_util.cc(92)] Missing unblinded token signature
[22. Apr. 2023, 4:36:15,0 AM:ERROR:unblinded_token_value_util.cc(92)] Missing unblinded token signature
[22. Apr. 2023, 4:36:15,0 AM:ERROR:unblinded_token_value_util.cc(92)] Missing unblinded token signature
[22. Apr. 2023, 4:36:15,0 AM:ERROR:unblinded_token_value_util.cc(92)] Missing unblinded token signature
[22. Apr. 2023, 4:36:15,0 AM:ERROR:unblinded_token_value_util.cc(92)] Missing unblinded token signature
[22. Apr. 2023, 4:36:15,0 AM:ERROR:unblinded_token_value_util.cc(92)] Missing unblinded token signature
[22. Apr. 2023, 4:36:15,0 AM:ERROR:unblinded_token_value_util.cc(92)] Missing unblinded token signature
[22. Apr. 2023, 4:36:15,0 AM:ERROR:unblinded_token_value_util.cc(92)] Missing unblinded token signature
[22. Apr. 2023, 4:36:15,0 AM:ERROR:unblinded_token_value_util.cc(92)] Missing unblinded token signature
[22. Apr. 2023, 4:36:15,0 AM:ERROR:unblinded_token_value_util.cc(92)] Missing unblinded token signature
[22. Apr. 2023, 4:36:15,0 AM:ERROR:unblinded_token_value_util.cc(92)] Missing unblinded token signature
[22. Apr. 2023, 4:36:15,0 AM:ERROR:unblinded_token_value_util.cc(92)] Missing unblinded token signature
[22. Apr. 2023, 4:36:15,0 AM:ERROR:unblinded_token_value_util.cc(92)] Missing unblinded token signature
[22. Apr. 2023, 4:36:15,0 AM:ERROR:unblinded_token_value_util.cc(92)] Missing unblinded token signature
[22. Apr. 2023, 4:36:15,0 AM:ERROR:unblinded_token_value_util.cc(92)] Missing unblinded token signature
[22. Apr. 2023, 4:36:15,0 AM:ERROR:unblinded_token_value_util.cc(92)] Missing unblinded token signature
[22. Apr. 2023, 4:36:15,0 AM:ERROR:unblinded_token_value_util.cc(92)] Missing unblinded token signature
[22. Apr. 2023, 4:36:15,0 AM:ERROR:unblinded_token_value_util.cc(92)] Missing unblinded token signature
[22. Apr. 2023, 4:36:15,0 AM:ERROR:unblinded_token_value_util.cc(92)] Missing unblinded token signature
[22. Apr. 2023, 4:36:15,0 AM:ERROR:unblinded_token_value_util.cc(92)] Missing unblinded token signature
[22. Apr. 2023, 4:36:15,0 AM:ERROR:unblinded_token_value_util.cc(92)] Missing unblinded token signature
[22. Apr. 2023, 4:36:15,0 AM:ERROR:unblinded_token_value_util.cc(92)] Missing unblinded token signature
[22. Apr. 2023, 4:36:15,0 AM:ERROR:unblinded_token_value_util.cc(92)] Missing unblinded token signature
[22. Apr. 2023, 4:36:15,0 AM:ERROR:unblinded_token_value_util.cc(92)] Missing unblinded token signature
[22. Apr. 2023, 4:36:15,0 AM:ERROR:unblinded_token_value_util.cc(92)] Missing unblinded token signature
--------------------------------------------------------------------------------
[22. Apr. 2023, 4:36:43,4 AM:ERROR:unblinded_token_value_util.cc(92)] Missing unblinded token signature
[22. Apr. 2023, 4:36:43,4 AM:ERROR:unblinded_token_value_util.cc(92)] Missing unblinded token signature
[22. Apr. 2023, 4:36:43,4 AM:ERROR:unblinded_token_value_util.cc(92)] Missing unblinded token signature
[22. Apr. 2023, 4:36:43,4 AM:ERROR:unblinded_token_value_util.cc(92)] Missing unblinded token signature
[22. Apr. 2023, 4:36:43,4 AM:ERROR:unblinded_token_value_util.cc(92)] Missing unblinded token signature
[22. Apr. 2023, 4:36:43,4 AM:ERROR:unblinded_token_value_util.cc(92)] Missing unblinded token signature
[22. Apr. 2023, 4:36:43,4 AM:ERROR:unblinded_token_value_util.cc(92)] Missing unblinded token signature
[22. Apr. 2023, 4:36:43,4 AM:ERROR:unblinded_token_value_util.cc(92)] Missing unblinded token signature
[22. Apr. 2023, 4:36:43,4 AM:ERROR:unblinded_token_value_util.cc(92)] Missing unblinded token signature
[22. Apr. 2023, 4:36:43,4 AM:ERROR:unblinded_token_value_util.cc(92)] Missing unblinded token signature
[22. Apr. 2023, 4:36:43,4 AM:ERROR:unblinded_token_value_util.cc(92)] Missing unblinded token signature
[22. Apr. 2023, 4:36:43,4 AM:ERROR:unblinded_token_value_util.cc(92)] Missing unblinded token signature
[22. Apr. 2023, 4:36:43,4 AM:ERROR:unblinded_token_value_util.cc(92)] Missing unblinded token signature
[22. Apr. 2023, 4:36:43,4 AM:ERROR:unblinded_token_value_util.cc(92)] Missing unblinded token signature
[22. Apr. 2023, 4:36:43,4 AM:ERROR:unblinded_token_value_util.cc(92)] Missing unblinded token signature
[22. Apr. 2023, 4:36:43,4 AM:ERROR:unblinded_token_value_util.cc(92)] Missing unblinded token signature
[22. Apr. 2023, 4:36:43,4 AM:ERROR:unblinded_token_value_util.cc(92)] Missing unblinded token signature
[22. Apr. 2023, 4:36:43,4 AM:ERROR:unblinded_token_value_util.cc(92)] Missing unblinded token signature
[22. Apr. 2023, 4:36:43,4 AM:ERROR:unblinded_token_value_util.cc(92)] Missing unblinded token signature
[22. Apr. 2023, 4:36:43,4 AM:ERROR:unblinded_token_value_util.cc(92)] Missing unblinded token signature
[22. Apr. 2023, 4:36:43,5 AM:ERROR:unblinded_token_value_util.cc(92)] Missing unblinded token signature
[22. Apr. 2023, 4:36:43,5 AM:ERROR:unblinded_token_value_util.cc(92)] Missing unblinded token signature
[22. Apr. 2023, 4:36:43,5 AM:ERROR:unblinded_token_value_util.cc(92)] Missing unblinded token signature
[22. Apr. 2023, 4:36:43,5 AM:ERROR:unblinded_token_value_util.cc(92)] Missing unblinded token signature
[22. Apr. 2023, 4:36:43,5 AM:ERROR:unblinded_token_value_util.cc(92)] Missing unblinded token signature
--------------------------------------------------------------------------------
[22. Apr. 2023, 4:37:13,4 AM:ERROR:unblinded_token_value_util.cc(92)] Missing unblinded token signature
[22. Apr. 2023, 4:37:13,4 AM:ERROR:unblinded_token_value_util.cc(92)] Missing unblinded token signature
[22. Apr. 2023, 4:37:13,4 AM:ERROR:unblinded_token_value_util.cc(92)] Missing unblinded token signature
[22. Apr. 2023, 4:37:13,4 AM:ERROR:unblinded_token_value_util.cc(92)] Missing unblinded token signature
[22. Apr. 2023, 4:37:13,4 AM:ERROR:unblinded_token_value_util.cc(92)] Missing unblinded token signature
[22. Apr. 2023, 4:37:13,4 AM:ERROR:unblinded_token_value_util.cc(92)] Missing unblinded token signature
[22. Apr. 2023, 4:37:13,4 AM:ERROR:unblinded_token_value_util.cc(92)] Missing unblinded token signature
[22. Apr. 2023, 4:37:13,4 AM:ERROR:unblinded_token_value_util.cc(92)] Missing unblinded token signature
[22. Apr. 2023, 4:37:13,4 AM:ERROR:unblinded_token_value_util.cc(92)] Missing unblinded token signature
[22. Apr. 2023, 4:37:13,4 AM:ERROR:unblinded_token_value_util.cc(92)] Missing unblinded token signature
[22. Apr. 2023, 4:37:13,4 AM:ERROR:unblinded_token_value_util.cc(92)] Missing unblinded token signature
[22. Apr. 2023, 4:37:13,4 AM:ERROR:unblinded_token_value_util.cc(92)] Missing unblinded token signature
[22. Apr. 2023, 4:37:13,4 AM:ERROR:unblinded_token_value_util.cc(92)] Missing unblinded token signature
[22. Apr. 2023, 4:37:13,4 AM:ERROR:unblinded_token_value_util.cc(92)] Missing unblinded token signature
[22. Apr. 2023, 4:37:13,4 AM:ERROR:unblinded_token_value_util.cc(92)] Missing unblinded token signature
[22. Apr. 2023, 4:37:13,4 AM:ERROR:unblinded_token_value_util.cc(92)] Missing unblinded token signature
[22. Apr. 2023, 4:37:13,4 AM:ERROR:unblinded_token_value_util.cc(92)] Missing unblinded token signature
[22. Apr. 2023, 4:37:13,4 AM:ERROR:unblinded_token_value_util.cc(92)] Missing unblinded token signature
[22. Apr. 2023, 4:37:13,4 AM:ERROR:unblinded_token_value_util.cc(92)] Missing unblinded token signature
[22. Apr. 2023, 4:37:13,4 AM:ERROR:unblinded_token_value_util.cc(92)] Missing unblinded token signature
[22. Apr. 2023, 4:37:13,4 AM:ERROR:unblinded_token_value_util.cc(92)] Missing unblinded token signature
[22. Apr. 2023, 4:37:13,4 AM:ERROR:unblinded_token_value_util.cc(92)] Missing unblinded token signature
[22. Apr. 2023, 4:37:13,4 AM:ERROR:unblinded_token_value_util.cc(92)] Missing unblinded token signature
[22. Apr. 2023, 4:37:13,4 AM:ERROR:unblinded_token_value_util.cc(92)] Missing unblinded token signature
[22. Apr. 2023, 4:37:13,4 AM:ERROR:unblinded_token_value_util.cc(92)] Missing unblinded token signature
--------------------------------------------------------------------------------
[22. Apr. 2023, 4:38:50,9 AM:ERROR:refill_unblinded_tokens.cc(213)] Failed to get signed tokens
--------------------------------------------------------------------------------
[22. Apr. 2023, 4:39:20,5 AM:ERROR:refill_unblinded_tokens.cc(213)] Failed to get signed tokens
[22. Apr. 2023, 4:39:21,2 AM:ERROR:publisher.cc(729)] Publisher info not found
[22. Apr. 2023, 4:39:21,2 AM:ERROR:publisher.cc(729)] Publisher info not found
--------------------------------------------------------------------------------
[22. Apr. 2023, 4:39:29,1 AM:ERROR:refill_unblinded_tokens.cc(213)] Failed to get signed tokens
--------------------------------------------------------------------------------
[23. Apr. 2023, 4:58:38,8 AM:ERROR:refill_unblinded_tokens.cc(213)] Failed to get signed tokens
